c:\users\sasho\desktop\first\first\x64\debug\vc140.pdb
c:\users\sasho\desktop\first\first\x64\debug\vc140.idb
c:\users\sasho\desktop\first\first\x64\debug\laba10.obj
c:\users\sasho\desktop\first\first\x64\debug\laba10_b9.obj
c:\users\sasho\desktop\first\first\x64\debug\files.obj
c:\users\sasho\desktop\first\first\x64\debug\files_a.obj
c:\users\sasho\desktop\first\first\x64\debug\zibe.obj
c:\users\sasho\desktop\first\first\x64\debug\zibe2.obj
c:\users\sasho\desktop\first\first\x64\debug\stasy_fail.obj
c:\users\sasho\desktop\first\first\x64\debug\qsort.obj
c:\users\sasho\desktop\first\first\x64\debug\degub.obj
c:\users\sasho\desktop\first\first\x64\debug\strykt.obj
c:\users\sasho\desktop\first\first\x64\debug\pyanista.obj
c:\users\sasho\desktop\first\first\x64\debug\sou1rce.obj
c:\users\sasho\desktop\first\first\x64\debug\sou1r2ce.obj
c:\users\sasho\desktop\first\first\x64\debug\tetro.obj
c:\users\sasho\desktop\first\first\x64\debug\xax.obj
c:\users\sasho\desktop\first\first\x64\debug\steki.obj
c:\users\sasho\desktop\first\first\x64\debug\deb.obj
c:\users\sasho\desktop\first\first\x64\debug\laba_steki.obj
c:\users\sasho\desktop\first\first\x64\debug\laba-spiski.obj
c:\users\sasho\desktop\first\first\x64\debug\ce.obj
c:\users\sasho\desktop\first\first\x64\debug\string.obj
c:\users\sasho\desktop\first\x64\debug\first.ilk
c:\users\sasho\desktop\first\x64\debug\first.exe
c:\users\sasho\desktop\first\x64\debug\first.pdb
c:\users\sasho\desktop\first\first\x64\debug\bidlokod.obj
c:\users\sasho\desktop\first\first\x64\debug\debag.obj
c:\users\sasho\desktop\first\first\x64\debug\for_acmp.obj
c:\users\sasho\desktop\first\first\x64\debug\laba9_.obj
c:\users\sasho\desktop\first\first\x64\debug\laba9_10.obj
c:\users\sasho\desktop\first\first\x64\debug\laba9_9_1.obj
c:\users\sasho\desktop\first\first\x64\debug\laba9_9_2.obj
c:\users\sasho\desktop\first\first\x64\debug\laba9_a1.obj
c:\users\sasho\desktop\first\first\x64\debug\laba9_a13.obj
c:\users\sasho\desktop\first\first\x64\debug\laba9_a2.obj
c:\users\sasho\desktop\first\first\x64\debug\laba9_a5.obj
c:\users\sasho\desktop\first\first\x64\debug\na10_1.obj
c:\users\sasho\desktop\first\first\x64\debug\na10_2.obj
c:\users\sasho\desktop\first\first\x64\debug\otimizate_na10_1.obj
c:\users\sasho\desktop\first\first\x64\debug\sour2ce.obj
c:\users\sasho\desktop\first\first\x64\debug\source.obj
c:\users\sasho\desktop\first\first\x64\debug\treug.obj
c:\users\sasho\desktop\first\first\x64\debug\files.obj.enc
c:\users\sasho\desktop\first\first\x64\debug\laba9_a13.obj.enc
c:\users\sasho\desktop\first\first\x64\debug\tetramino.obj.enc
c:\users\sasho\desktop\first\first\x64\debug\first.tlog\cl.command.1.tlog
c:\users\sasho\desktop\first\first\x64\debug\first.tlog\cl.read.1.tlog
c:\users\sasho\desktop\first\first\x64\debug\first.tlog\cl.write.1.tlog
c:\users\sasho\desktop\first\first\x64\debug\first.tlog\link.command.1.tlog
c:\users\sasho\desktop\first\first\x64\debug\first.tlog\link.read.1.tlog
c:\users\sasho\desktop\first\first\x64\debug\first.tlog\link.write.1.tlog
